<?xml version="1.0" encoding="UTF-8"?>
<!-- Generated by org.testng.reporters.JUnitReportReporter -->
<testsuite skipped="0" hostname="DESKTOP-I58V5UM" name="com.howtodoinjava.HomePage" tests="1" failures="0" timestamp="05 Mar 2019 10:31:19 GMT" time="1.052" errors="0">
  <testcase name="navigateToHomePage" time="1.052" classname="com.howtodoinjava.HomePage"/>
</testsuite> <!-- com.howtodoinjava.HomePage -->
